populations v2.4, executed 2019-07-09 10:28:31 (zlib-1.2.8)
populations -P /share/projects/GECKA/stacks_M6 -M popmap_100bp_mind75 -O ./ --write-single-snp --whitelist R90_100bp.plink_mind75_geno05_maf05_2k.txt --genepop --structure --plink
Locus/sample distributions will be written to './populations.log.distribs'.
populations parameters selected:
  Percent samples limit per population: 0
  Locus Population limit: 1
  Percent samples overall: 0
  Minor allele frequency cutoff: 0
  Maximum observed heterozygosity cutoff: 1
  Applying Fst correction: none.
  Pi/Fis kernel smoothing: off
  Fstats kernel smoothing: off
  Bootstrap resampling: off

Parsing population map...
The population map contained 280 samples, 9 population(s), 1 group(s).
Loaded 1894 whitelisted markers.
Working on 280 samples.
Working on 9 population(s):
    A: A0002, A0004, A0005, A0006, A0010, A0011, A0016, A0022, A0033, A0035, A0036, A0039, A0048, A0051, A0052, A0069, A0070, A0077, 
       A0115, A0117, A0130, A0135, A0141, A0145, A0147, A0149, A0154, A0160, A0181, A0196, A0197, A0205, A0220, A0222, A0229, A0231, 
       A0237, A0245, A0251, A0258, A0271, A0275
    B: B0026, B0028, B0044, B0061, B0102, B0103, B0104, B0110, B0111, B0119, B0120, B0123, B0133, B0153, B0155, B0161, B0163, B0166, 
       B0167, B0171, B0173, B0174, B0175, B0177, B0183, B0186, B0189, B0195, B0206, B0213, B0221, B0227, B0235, B0238, B0240, B0247, 
       B0253, B0259, B0264, B0266, B0269, B0277
    C: C0003, C0007, C0019, C0021, C0027, C0034, C0041, C0043, C0046, C0047, C0049, C0073, C0074, C0076, C0079, C0080, C0083, C0112, 
       C0116, C0127, C0129, C0137, C0138, C0146, C0148, C0168, C0185, C0188, C0192, C0194, C0198, C0209, C0211, C0215, C0249, C0252, 
       C0254
    D: D0001, D0009, D0012, D0013, D0014, D0017, D0018, D0020, D0023, D0025, D0037, D0038, D0040, D0042, D0045, D0050, D0065, D0066, 
       D0067, D0068, D0071, D0072, D0075, D0081, D0108, D0118, D0121, D0126, D0139, D0170, D0201, D0210, D0223, D0224, D0236, D0244, 
       D0250, D0256, D0262, D0263, D0278
    E: E0105, E0122, E0124, E0128, E0131, E0132, E0134, E0136, E0150, E0151, E0157, E0158, E0165, E0169, E0182, E0184, E0187, E0193, 
       E0199, E0202, E0203, E0208, E0214, E0217, E0218, E0225, E0226, E0228, E0230, E0233, E0234, E0239, E0242, E0243, E0246, E0248, 
       E0255, E0260, E0261, E0265
    F1: F10029, F10030, F10031, F10032, F10053, F10054, F10055, F10056, F10057, F10058, F10059, F10060, F10062, F10063, F10064, F10078, 
        F10082, F10084, F10085, F10086, F10087, F10088, F10089, F10090, F10091, F10092, F10093, F10094, F10095, F10096, F10140, F10142, 
        F10143, F10144, F10267, F10268, F10274, F10276, F10279, F10281, F10282, F10283, F10284, F10286, F10287, F10288
    F2: F20024, F20097, F20106, F20107, F20113, F20162, F20172, F20176, F20178, F20180, F20190, F20191, F20207, F20212, F20219
    G: G0098, G0099, G0100, G0101, G0109, G0152, G0179
    M: MED0114, MED0156, MED0159, MED0164, MED0200, MED0216, MED0257, MED0273, MED0280, MED0285
Working on 1 group(s) of populations:
    defaultgrp: A, B, C, D, E, F1, F2, G, M

Polymorphic sites in GenePop format will be written to './populations.snps.genepop'
Warning: Genepop: The order in which samples appear was modified (as the input population map is not sorted).Polymorphic sites in Structure format will be written to './populations.structure'
Polymorphic sites in PLINK format will be written to './populations.plink.ped'
Genotyping markers will be written to './populations.markers.tsv'
Raw Genotypes/Haplotypes will be written to './populations.haplotypes.tsv'
Population-level summary statistics will be written to './populations.sumstats.tsv'
Population-level haplotype summary statistics will be written to './populations.hapstats.tsv'

Processing data in batches:
  * load a batch of catalog loci and apply filters
  * compute SNP- and haplotype-wise per-population statistics
  * write the above statistics in the output files
  * export the genotypes/haplotypes in specified format(s)
More details in './populations.log.distribs'.
Now processing...
Batch 1 

Removed 527862 loci that did not pass sample/population constraints from 529756 loci.
Kept 1894 loci, composed of 1357104 sites; 0 of those sites were filtered, 1894 variant sites remained.
Number of loci with PE contig: 1894.00 (100.0%);
  Mean length of loci: 706.53bp (stderr 1.53);
Number of loci with SE/PE overlap: 1892.00 (99.9%);
  Mean length of overlapping loci: 716.45bp (stderr 1.53); mean overlap: 30.97bp (stderr 0.02);
Mean genotyped sites per locus: 716.52bp (stderr 1.53).

Population summary statistics (more detail in populations.sumstats_summary.tsv):
  A: 41.214 samples per locus; pi: 0.059448; all/variant/polymorphic sites: 1357086/1894/399; private alleles: 0
  B: 41.379 samples per locus; pi: 0.092924; all/variant/polymorphic sites: 1357086/1894/1856; private alleles: 0
  C: 36.098 samples per locus; pi: 0.13653; all/variant/polymorphic sites: 1357086/1894/1889; private alleles: 0
  D: 40.163 samples per locus; pi: 0.084498; all/variant/polymorphic sites: 1357086/1894/1781; private alleles: 0
  E: 39.3 samples per locus; pi: 0.12156; all/variant/polymorphic sites: 1357086/1894/1892; private alleles: 0
  F1: 44.186 samples per locus; pi: 0.24166; all/variant/polymorphic sites: 1357086/1894/1893; private alleles: 0
  F2: 14.878 samples per locus; pi: 0.059976; all/variant/polymorphic sites: 1357086/1894/397; private alleles: 0
  G: 6.8897 samples per locus; pi: 0.40861; all/variant/polymorphic sites: 1357086/1894/1831; private alleles: 0
  M: 9.7101 samples per locus; pi: 0.46631; all/variant/polymorphic sites: 1357086/1894/1784; private alleles: 0
Populations is done.
